<?xml version="1.0" encoding="UTF-8"?>
<!-- Generated by org.testng.reporters.JUnitReportReporter -->
<testsuite hostname="DESKTOP-5V2U14G" failures="0" tests="2" name="BDD.Cucumber.TestRunner" time="41.130" errors="0" timestamp="2024-11-12T18:12:45 IST" skipped="0">
  <testcase classname="BDD.Cucumber.TestRunner" name="runScenario" time="4.864"/>
  <system-out/>
  <testcase classname="BDD.Cucumber.TestRunner" name="runScenario" time="36.266"/>
  <system-out/>
</testsuite> <!-- BDD.Cucumber.TestRunner -->
